<!DOCTYPE html PUBLIC "-//W3C//DTD XHTML 1.1//EN" "http://www.w3.org/TR/xhtml11/DTD/xhtml11.dtd">
<html xmlns="http://www.w3.org/1999/xhtml">
<head>
<meta http-equiv="content-type" content="text/html; charset=UTF-8"/>
<title>TestNG Report</title>
<style type="text/css">table {margin-bottom:10px;border-collapse:collapse;empty-cells:show}th,td {border:1px solid #009;padding:.25em .5em}th {vertical-align:bottom}td {vertical-align:top}table a {font-weight:bold}.stripe td {background-color: #E6EBF9}.num {text-align:right}.passedodd td {background-color: #3F3}.passedeven td {background-color: #0A0}.skippedodd td {background-color: #DDD}.skippedeven td {background-color: #CCC}.failedodd td,.attn {background-color: #F33}.failedeven td,.stripe .attn {background-color: #D00}.stacktrace {white-space:pre;font-family:monospace}.totop {font-size:85%;text-align:center;border-bottom:2px solid #000}.invisible {display:none}</style>
</head>
<body>
<table>
<tr><th>Test</th><th># Passed</th><th># Skipped</th><th># Failed</th><th>Time (ms)</th><th>Included Groups</th><th>Excluded Groups</th></tr>
<tr><th colspan="7">Command line suite</th></tr>
<tr><td><a href="#t0">Command line test</a></td><td class="num">0</td><td class="num attn">5</td><td class="num">0</td><td class="num">50</td><td></td><td></td></tr>
</table>
<table id='summary'><thead><tr><th>Class</th><th>Method</th><th>Start</th><th>Time (ms)</th></tr></thead><tbody><tr><th colspan="4">Command line suite</th></tr></tbody><tbody id="t0"><tr><th colspan="4">Command line test &#8212; failed (configuration methods)</th></tr><tr class="failedeven"><td rowspan="2">testAmazon.TestAmazonTestFail</td><td><a href="#m0">generateReport</a></td><td rowspan="1">1526697095854</td><td rowspan="1">0</td></tr><tr class="failedeven"><td><a href="#m1">setUp</a></td><td rowspan="1">1526697095740</td><td rowspan="1">0</td></tr><tr class="failedodd"><td rowspan="1">testAmazonCommonsEmail.TestAmazonTestFail</td><td><a href="#m2">setUp</a></td><td rowspan="1">1526697095751</td><td rowspan="1">0</td></tr><tr class="failedeven"><td rowspan="1">testAmazonDataDriven.TestDataDrivenAmazonSearch</td><td><a href="#m3">setUp</a></td><td rowspan="1">1526697095764</td><td rowspan="1">0</td></tr><tr><th colspan="4">Command line test &#8212; skipped (configuration methods)</th></tr><tr class="skippedeven"><td rowspan="5">testAmazon.TestAmazonTestFail</td><td><a href="#m4">afterClass</a></td><td rowspan="1">1526697095748</td><td rowspan="1">0</td></tr><tr class="skippedeven"><td><a href="#m5">afterEachTestMethod</a></td><td rowspan="1">1526697095749</td><td rowspan="1">0</td></tr><tr class="skippedeven"><td><a href="#m6">afterMethod</a></td><td rowspan="1">1526697095749</td><td rowspan="1">0</td></tr><tr class="skippedeven"><td><a href="#m7">iTestResult</a></td><td rowspan="1">1526697095749</td><td rowspan="1">0</td></tr><tr class="skippedeven"><td><a href="#m8">startExtent</a></td><td rowspan="1">1526697095746</td><td rowspan="1">0</td></tr><tr class="skippedodd"><td rowspan="5">testAmazonCommonsEmail.TestAmazonTestFail</td><td><a href="#m9">afterClass</a></td><td rowspan="1">1526697095755</td><td rowspan="1">0</td></tr><tr class="skippedodd"><td><a href="#m10">afterEachTestMethod</a></td><td rowspan="1">1526697095756</td><td rowspan="1">0</td></tr><tr class="skippedodd"><td><a href="#m11">afterMethod</a></td><td rowspan="1">1526697095757</td><td rowspan="1">0</td></tr><tr class="skippedodd"><td><a href="#m12">iTestResult</a></td><td rowspan="1">1526697095758</td><td rowspan="1">0</td></tr><tr class="skippedodd"><td><a href="#m13">startExtent</a></td><td rowspan="1">1526697095754</td><td rowspan="1">0</td></tr><tr class="skippedeven"><td rowspan="17">testAmazonDataDriven.TestDataDrivenAmazonSearch</td><td><a href="#m14">afterClass</a></td><td rowspan="3">1526697095772</td><td rowspan="3">0</td></tr><tr class="skippedeven"><td><a href="#m15">afterClass</a></td></tr><tr class="skippedeven"><td><a href="#m16">afterClass</a></td></tr><tr class="skippedeven"><td><a href="#m17">afterEachTestMethod</a></td><td rowspan="3">1526697095772</td><td rowspan="3">0</td></tr><tr class="skippedeven"><td><a href="#m18">afterEachTestMethod</a></td></tr><tr class="skippedeven"><td><a href="#m19">afterEachTestMethod</a></td></tr><tr class="skippedeven"><td><a href="#m20">afterMethod</a></td><td rowspan="3">1526697095767</td><td rowspan="3">0</td></tr><tr class="skippedeven"><td><a href="#m21">afterMethod</a></td></tr><tr class="skippedeven"><td><a href="#m22">afterMethod</a></td></tr><tr class="skippedeven"><td><a href="#m23">iTestResult</a></td><td rowspan="3">1526697095772</td><td rowspan="3">0</td></tr><tr class="skippedeven"><td><a href="#m24">iTestResult</a></td></tr><tr class="skippedeven"><td><a href="#m25">iTestResult</a></td></tr><tr class="skippedeven"><td><a href="#m26">setUp</a></td><td rowspan="2">1526697095770</td><td rowspan="2">0</td></tr><tr class="skippedeven"><td><a href="#m27">setUp</a></td></tr><tr class="skippedeven"><td><a href="#m28">startExtent</a></td><td rowspan="3">1526697095768</td><td rowspan="3">0</td></tr><tr class="skippedeven"><td><a href="#m29">startExtent</a></td></tr><tr class="skippedeven"><td><a href="#m30">startExtent</a></td></tr><tr><th colspan="4">Command line test &#8212; skipped</th></tr><tr class="skippedeven"><td rowspan="1">testAmazon.TestAmazonTestFail</td><td><a href="#m31">amazonFailTestOnPurpose</a></td><td rowspan="1">1526697095748</td><td rowspan="1">0</td></tr><tr class="skippedodd"><td rowspan="1">testAmazonCommonsEmail.TestAmazonTestFail</td><td><a href="#m32">amazonFailTestOnPurpose</a></td><td rowspan="1">1526697095755</td><td rowspan="1">0</td></tr><tr class="skippedeven"><td rowspan="3">testAmazonDataDriven.TestDataDrivenAmazonSearch</td><td><a href="#m33">testDataDrivenSearch</a></td><td rowspan="3">1526697095766</td><td rowspan="3">0</td></tr><tr class="skippedeven"><td><a href="#m34">testDataDrivenSearch</a></td></tr><tr class="skippedeven"><td><a href="#m35">testDataDrivenSearch</a></td></tr></tbody>
</table>
<h2>Command line test</h2><h3 id="m0">testAmazon.TestAmazonTestFail#generateReport</h3><table class="result"><tr><th>Exception</th></tr><tr><td><div class="stacktrace">java.lang.NullPointerException
	at com.relevantcodes.extentreports.Report.terminate(Report.java:417)
	at com.relevantcodes.extentreports.ExtentReports.close(ExtentReports.java:920)
	at base.CommonAPI.generateReport(CommonAPI.java:111)
... Removed 30 stack frames</div></td></tr></table><p class="totop"><a href="#summary">back to summary</a></p>
<h3 id="m1">testAmazon.TestAmazonTestFail#setUp</h3><table class="result"><tr><th>Exception</th></tr><tr><td><div class="stacktrace">org.testng.TestNGException: 
Parameter &apos;useCloudEnv&apos; is required by BeforeMethod on method setUp but has not been marked @Optional or defined

... Removed 35 stack frames</div></td></tr></table><p class="totop"><a href="#summary">back to summary</a></p>
<h3 id="m2">testAmazonCommonsEmail.TestAmazonTestFail#setUp</h3><table class="result"><tr><th>Exception</th></tr><tr><td><div class="stacktrace">org.testng.TestNGException: 
Parameter &apos;useCloudEnv&apos; is required by BeforeMethod on method setUp but has not been marked @Optional or defined

... Removed 35 stack frames</div></td></tr></table><p class="totop"><a href="#summary">back to summary</a></p>
<h3 id="m3">testAmazonDataDriven.TestDataDrivenAmazonSearch#setUp</h3><table class="result"><tr><th>Exception</th></tr><tr><td><div class="stacktrace">org.testng.TestNGException: 
Parameter &apos;useCloudEnv&apos; is required by BeforeMethod on method setUp but has not been marked @Optional or defined

... Removed 35 stack frames</div></td></tr></table><p class="totop"><a href="#summary">back to summary</a></p>
<h3 id="m4">testAmazon.TestAmazonTestFail#afterClass</h3><table class="result"><tr><th class="invisible"/></tr></table><p class="totop"><a href="#summary">back to summary</a></p>
<h3 id="m5">testAmazon.TestAmazonTestFail#afterEachTestMethod</h3><table class="result"><tr><th class="invisible"/></tr></table><p class="totop"><a href="#summary">back to summary</a></p>
<h3 id="m6">testAmazon.TestAmazonTestFail#afterMethod</h3><table class="result"><tr><th class="invisible"/></tr></table><p class="totop"><a href="#summary">back to summary</a></p>
<h3 id="m7">testAmazon.TestAmazonTestFail#iTestResult</h3><table class="result"><tr><th class="invisible"/></tr></table><p class="totop"><a href="#summary">back to summary</a></p>
<h3 id="m8">testAmazon.TestAmazonTestFail#startExtent</h3><table class="result"><tr><th class="invisible"/></tr></table><p class="totop"><a href="#summary">back to summary</a></p>
<h3 id="m9">testAmazonCommonsEmail.TestAmazonTestFail#afterClass</h3><table class="result"><tr><th class="invisible"/></tr></table><p class="totop"><a href="#summary">back to summary</a></p>
<h3 id="m10">testAmazonCommonsEmail.TestAmazonTestFail#afterEachTestMethod</h3><table class="result"><tr><th class="invisible"/></tr></table><p class="totop"><a href="#summary">back to summary</a></p>
<h3 id="m11">testAmazonCommonsEmail.TestAmazonTestFail#afterMethod</h3><table class="result"><tr><th class="invisible"/></tr></table><p class="totop"><a href="#summary">back to summary</a></p>
<h3 id="m12">testAmazonCommonsEmail.TestAmazonTestFail#iTestResult</h3><table class="result"><tr><th class="invisible"/></tr></table><p class="totop"><a href="#summary">back to summary</a></p>
<h3 id="m13">testAmazonCommonsEmail.TestAmazonTestFail#startExtent</h3><table class="result"><tr><th class="invisible"/></tr></table><p class="totop"><a href="#summary">back to summary</a></p>
<h3 id="m14">testAmazonDataDriven.TestDataDrivenAmazonSearch#afterClass</h3><table class="result"><tr><th class="invisible"/></tr></table><p class="totop"><a href="#summary">back to summary</a></p>
<h3 id="m15">testAmazonDataDriven.TestDataDrivenAmazonSearch#afterClass</h3><table class="result"><tr><th class="invisible"/></tr></table><p class="totop"><a href="#summary">back to summary</a></p>
<h3 id="m16">testAmazonDataDriven.TestDataDrivenAmazonSearch#afterClass</h3><table class="result"><tr><th class="invisible"/></tr></table><p class="totop"><a href="#summary">back to summary</a></p>
<h3 id="m17">testAmazonDataDriven.TestDataDrivenAmazonSearch#afterEachTestMethod</h3><table class="result"><tr><th class="invisible"/></tr></table><p class="totop"><a href="#summary">back to summary</a></p>
<h3 id="m18">testAmazonDataDriven.TestDataDrivenAmazonSearch#afterEachTestMethod</h3><table class="result"><tr><th class="invisible"/></tr></table><p class="totop"><a href="#summary">back to summary</a></p>
<h3 id="m19">testAmazonDataDriven.TestDataDrivenAmazonSearch#afterEachTestMethod</h3><table class="result"><tr><th class="invisible"/></tr></table><p class="totop"><a href="#summary">back to summary</a></p>
<h3 id="m20">testAmazonDataDriven.TestDataDrivenAmazonSearch#afterMethod</h3><table class="result"><tr><th class="invisible"/></tr></table><p class="totop"><a href="#summary">back to summary</a></p>
<h3 id="m21">testAmazonDataDriven.TestDataDrivenAmazonSearch#afterMethod</h3><table class="result"><tr><th class="invisible"/></tr></table><p class="totop"><a href="#summary">back to summary</a></p>
<h3 id="m22">testAmazonDataDriven.TestDataDrivenAmazonSearch#afterMethod</h3><table class="result"><tr><th class="invisible"/></tr></table><p class="totop"><a href="#summary">back to summary</a></p>
<h3 id="m23">testAmazonDataDriven.TestDataDrivenAmazonSearch#iTestResult</h3><table class="result"><tr><th class="invisible"/></tr></table><p class="totop"><a href="#summary">back to summary</a></p>
<h3 id="m24">testAmazonDataDriven.TestDataDrivenAmazonSearch#iTestResult</h3><table class="result"><tr><th class="invisible"/></tr></table><p class="totop"><a href="#summary">back to summary</a></p>
<h3 id="m25">testAmazonDataDriven.TestDataDrivenAmazonSearch#iTestResult</h3><table class="result"><tr><th class="invisible"/></tr></table><p class="totop"><a href="#summary">back to summary</a></p>
<h3 id="m26">testAmazonDataDriven.TestDataDrivenAmazonSearch#setUp</h3><table class="result"><tr><th class="invisible"/></tr></table><p class="totop"><a href="#summary">back to summary</a></p>
<h3 id="m27">testAmazonDataDriven.TestDataDrivenAmazonSearch#setUp</h3><table class="result"><tr><th class="invisible"/></tr></table><p class="totop"><a href="#summary">back to summary</a></p>
<h3 id="m28">testAmazonDataDriven.TestDataDrivenAmazonSearch#startExtent</h3><table class="result"><tr><th class="invisible"/></tr></table><p class="totop"><a href="#summary">back to summary</a></p>
<h3 id="m29">testAmazonDataDriven.TestDataDrivenAmazonSearch#startExtent</h3><table class="result"><tr><th class="invisible"/></tr></table><p class="totop"><a href="#summary">back to summary</a></p>
<h3 id="m30">testAmazonDataDriven.TestDataDrivenAmazonSearch#startExtent</h3><table class="result"><tr><th class="invisible"/></tr></table><p class="totop"><a href="#summary">back to summary</a></p>
<h3 id="m31">testAmazon.TestAmazonTestFail#amazonFailTestOnPurpose</h3><table class="result"><tr><th>Exception</th></tr><tr><td><div class="stacktrace">org.testng.TestNGException: 
Parameter &apos;useCloudEnv&apos; is required by BeforeMethod on method setUp but has not been marked @Optional or defined

... Removed 35 stack frames</div></td></tr></table><p class="totop"><a href="#summary">back to summary</a></p>
<h3 id="m32">testAmazonCommonsEmail.TestAmazonTestFail#amazonFailTestOnPurpose</h3><table class="result"><tr><th>Exception</th></tr><tr><td><div class="stacktrace">org.testng.TestNGException: 
Parameter &apos;useCloudEnv&apos; is required by BeforeMethod on method setUp but has not been marked @Optional or defined

... Removed 35 stack frames</div></td></tr></table><p class="totop"><a href="#summary">back to summary</a></p>
<h3 id="m33">testAmazonDataDriven.TestDataDrivenAmazonSearch#testDataDrivenSearch</h3><table class="result"><tr><th>Exception</th></tr><tr><td><div class="stacktrace">org.testng.TestNGException: 
Parameter &apos;useCloudEnv&apos; is required by BeforeMethod on method setUp but has not been marked @Optional or defined

... Removed 35 stack frames</div></td></tr></table><p class="totop"><a href="#summary">back to summary</a></p>
<h3 id="m34">testAmazonDataDriven.TestDataDrivenAmazonSearch#testDataDrivenSearch</h3><table class="result"><tr><th>Exception</th></tr><tr><td><div class="stacktrace">org.testng.TestNGException: 
Parameter &apos;useCloudEnv&apos; is required by BeforeMethod on method setUp but has not been marked @Optional or defined

... Removed 35 stack frames</div></td></tr></table><p class="totop"><a href="#summary">back to summary</a></p>
<h3 id="m35">testAmazonDataDriven.TestDataDrivenAmazonSearch#testDataDrivenSearch</h3><table class="result"><tr><th>Exception</th></tr><tr><td><div class="stacktrace">org.testng.TestNGException: 
Parameter &apos;useCloudEnv&apos; is required by BeforeMethod on method setUp but has not been marked @Optional or defined

... Removed 35 stack frames</div></td></tr></table><p class="totop"><a href="#summary">back to summary</a></p>
</body>
</html>
